<?xml version="1.0" encoding="UTF-8"?>
<testng-results skipped="0" failed="0" ignored="0" total="1" passed="1">
  <reporter-output>
  </reporter-output>
  <suite name="Surefire suite" duration-ms="30" started-at="2023-08-17T16:51:21 ART" finished-at="2023-08-17T16:51:21 ART">
    <groups>
    </groups>
    <test name="Surefire test" duration-ms="30" started-at="2023-08-17T16:51:21 ART" finished-at="2023-08-17T16:51:21 ART">
      <class name="org.basic.AppTest">
        <test-method status="PASS" signature="shouldAnswerWithTrue()" name="shouldAnswerWithTrue" duration-ms="3" started-at="2023-08-17T16:51:21 ART" finished-at="2023-08-17T16:51:21 ART">
          <reporter-output>
          </reporter-output>
        </test-method> <!-- shouldAnswerWithTrue -->
      </class> <!-- org.basic.AppTest -->
    </test> <!-- Surefire test -->
  </suite> <!-- Surefire suite -->
</testng-results>
